{"/Users/ookouchimitsuhiro/Desktop/nuxt3-todo-login/todo-nuxt3/store/todo.ts": {"path":"/Users/ookouchimitsuhiro/Desktop/nuxt3-todo-login/todo-nuxt3/store/todo.ts","all":false,"statementMap":{"0":{"start":{"line":1,"column":0},"end":{"line":1,"column":52}},"1":{"start":{"line":2,"column":0},"end":{"line":2,"column":33}},"2":{"start":{"line":3,"column":0},"end":{"line":3,"column":0}},"3":{"start":{"line":4,"column":0},"end":{"line":4,"column":23}},"4":{"start":{"line":5,"column":0},"end":{"line":5,"column":15}},"5":{"start":{"line":6,"column":0},"end":{"line":6,"column":18}},"6":{"start":{"line":7,"column":0},"end":{"line":7,"column":18}},"7":{"start":{"line":8,"column":0},"end":{"line":8,"column":20}},"8":{"start":{"line":9,"column":0},"end":{"line":9,"column":19}},"9":{"start":{"line":10,"column":0},"end":{"line":10,"column":1}},"10":{"start":{"line":11,"column":0},"end":{"line":11,"column":0}},"11":{"start":{"line":12,"column":0},"end":{"line":12,"column":26}},"12":{"start":{"line":13,"column":0},"end":{"line":13,"column":18}},"13":{"start":{"line":14,"column":0},"end":{"line":14,"column":1}},"14":{"start":{"line":15,"column":0},"end":{"line":15,"column":0}},"15":{"start":{"line":16,"column":0},"end":{"line":16,"column":29}},"16":{"start":{"line":17,"column":0},"end":{"line":17,"column":18}},"17":{"start":{"line":18,"column":0},"end":{"line":18,"column":18}},"18":{"start":{"line":19,"column":0},"end":{"line":19,"column":1}},"19":{"start":{"line":20,"column":0},"end":{"line":20,"column":0}},"20":{"start":{"line":21,"column":0},"end":{"line":21,"column":28}},"21":{"start":{"line":22,"column":0},"end":{"line":22,"column":32}},"22":{"start":{"line":23,"column":0},"end":{"line":23,"column":1}},"23":{"start":{"line":24,"column":0},"end":{"line":24,"column":0}},"24":{"start":{"line":25,"column":0},"end":{"line":25,"column":33}},"25":{"start":{"line":26,"column":0},"end":{"line":26,"column":13}},"26":{"start":{"line":27,"column":0},"end":{"line":27,"column":2}},"27":{"start":{"line":28,"column":0},"end":{"line":28,"column":0}},"28":{"start":{"line":29,"column":0},"end":{"line":29,"column":17}},"29":{"start":{"line":30,"column":0},"end":{"line":30,"column":52}},"30":{"start":{"line":31,"column":0},"end":{"line":31,"column":63}},"31":{"start":{"line":32,"column":0},"end":{"line":32,"column":6}},"32":{"start":{"line":33,"column":0},"end":{"line":33,"column":42}},"33":{"start":{"line":34,"column":0},"end":{"line":34,"column":30}},"34":{"start":{"line":35,"column":0},"end":{"line":35,"column":76}},"35":{"start":{"line":36,"column":0},"end":{"line":36,"column":2}},"36":{"start":{"line":37,"column":0},"end":{"line":37,"column":17}},"37":{"start":{"line":38,"column":0},"end":{"line":38,"column":24}},"38":{"start":{"line":39,"column":0},"end":{"line":39,"column":35}},"39":{"start":{"line":40,"column":0},"end":{"line":40,"column":23}},"40":{"start":{"line":41,"column":0},"end":{"line":41,"column":20}},"41":{"start":{"line":42,"column":0},"end":{"line":42,"column":24}},"42":{"start":{"line":43,"column":0},"end":{"line":43,"column":34}},"43":{"start":{"line":44,"column":0},"end":{"line":44,"column":33}},"44":{"start":{"line":45,"column":0},"end":{"line":45,"column":9}},"45":{"start":{"line":46,"column":0},"end":{"line":46,"column":37}},"46":{"start":{"line":47,"column":0},"end":{"line":47,"column":6}},"47":{"start":{"line":48,"column":0},"end":{"line":48,"column":24}},"48":{"start":{"line":49,"column":0},"end":{"line":49,"column":63}},"49":{"start":{"line":50,"column":0},"end":{"line":50,"column":6}},"50":{"start":{"line":51,"column":0},"end":{"line":51,"column":44}},"51":{"start":{"line":52,"column":0},"end":{"line":52,"column":112}},"52":{"start":{"line":53,"column":0},"end":{"line":53,"column":5}},"53":{"start":{"line":54,"column":0},"end":{"line":54,"column":2}},"54":{"start":{"line":55,"column":0},"end":{"line":55,"column":0}},"55":{"start":{"line":56,"column":0},"end":{"line":56,"column":54}},"56":{"start":{"line":57,"column":0},"end":{"line":57,"column":10}},"57":{"start":{"line":58,"column":0},"end":{"line":58,"column":12}},"58":{"start":{"line":59,"column":0},"end":{"line":59,"column":11}},"59":{"start":{"line":60,"column":0},"end":{"line":60,"column":3}}},"s":{"0":1,"1":1,"2":1,"3":1,"4":1,"5":1,"6":1,"7":1,"8":1,"9":1,"10":1,"11":1,"12":1,"13":1,"14":1,"15":1,"16":1,"17":1,"18":1,"19":1,"20":1,"21":1,"22":1,"23":1,"24":1,"25":11,"26":11,"27":1,"28":1,"29":1,"30":2,"31":2,"32":1,"33":1,"34":1,"35":1,"36":1,"37":1,"38":6,"39":6,"40":6,"41":6,"42":6,"43":6,"44":6,"45":6,"46":6,"47":1,"48":2,"49":2,"50":1,"51":1,"52":1,"53":1,"54":1,"55":1,"56":1,"57":1,"58":1,"59":1},"branchMap":{"0":{"type":"branch","line":25,"loc":{"start":{"line":25,"column":14},"end":{"line":27,"column":2}},"locations":[{"start":{"line":25,"column":14},"end":{"line":27,"column":2}}]},"1":{"type":"branch","line":30,"loc":{"start":{"line":30,"column":14},"end":{"line":32,"column":6}},"locations":[{"start":{"line":30,"column":14},"end":{"line":32,"column":6}}]},"2":{"type":"branch","line":30,"loc":{"start":{"line":30,"column":36},"end":{"line":32,"column":6}},"locations":[{"start":{"line":30,"column":36},"end":{"line":32,"column":6}}]},"3":{"type":"branch","line":31,"loc":{"start":{"line":31,"column":33},"end":{"line":31,"column":63}},"locations":[{"start":{"line":31,"column":33},"end":{"line":31,"column":63}}]},"4":{"type":"branch","line":33,"loc":{"start":{"line":33,"column":22},"end":{"line":36,"column":2}},"locations":[{"start":{"line":33,"column":22},"end":{"line":36,"column":2}}]},"5":{"type":"branch","line":35,"loc":{"start":{"line":35,"column":9},"end":{"line":35,"column":75}},"locations":[{"start":{"line":35,"column":9},"end":{"line":35,"column":75}}]},"6":{"type":"branch","line":38,"loc":{"start":{"line":38,"column":4},"end":{"line":47,"column":6}},"locations":[{"start":{"line":38,"column":4},"end":{"line":47,"column":6}}]},"7":{"type":"branch","line":48,"loc":{"start":{"line":48,"column":4},"end":{"line":50,"column":6}},"locations":[{"start":{"line":48,"column":4},"end":{"line":50,"column":6}}]},"8":{"type":"branch","line":49,"loc":{"start":{"line":49,"column":39},"end":{"line":49,"column":63}},"locations":[{"start":{"line":49,"column":39},"end":{"line":49,"column":63}}]},"9":{"type":"branch","line":51,"loc":{"start":{"line":51,"column":4},"end":{"line":54,"column":2}},"locations":[{"start":{"line":51,"column":4},"end":{"line":54,"column":2}}]},"10":{"type":"branch","line":52,"loc":{"start":{"line":52,"column":36},"end":{"line":52,"column":112}},"locations":[{"start":{"line":52,"column":36},"end":{"line":52,"column":112}}]},"11":{"type":"branch","line":52,"loc":{"start":{"line":52,"column":103},"end":{"line":52,"column":112}},"locations":[{"start":{"line":52,"column":103},"end":{"line":52,"column":112}}]},"12":{"type":"branch","line":60,"loc":{"start":{"line":60,"column":1},"end":{"line":60,"column":3}},"locations":[{"start":{"line":60,"column":1},"end":{"line":60,"column":3}}]}},"b":{"0":[11],"1":[1],"2":[2],"3":[2],"4":[1],"5":[4],"6":[6],"7":[2],"8":[2],"9":[1],"10":[1],"11":[0],"12":[10]},"fnMap":{"0":{"name":"state","decl":{"start":{"line":25,"column":14},"end":{"line":27,"column":2}},"loc":{"start":{"line":25,"column":14},"end":{"line":27,"column":2}},"line":25},"1":{"name":"getById","decl":{"start":{"line":30,"column":14},"end":{"line":32,"column":6}},"loc":{"start":{"line":30,"column":14},"end":{"line":32,"column":6}},"line":30},"2":{"name":"getOrderedTodos","decl":{"start":{"line":33,"column":22},"end":{"line":36,"column":2}},"loc":{"start":{"line":33,"column":22},"end":{"line":36,"column":2}},"line":33},"3":{"name":"add","decl":{"start":{"line":38,"column":4},"end":{"line":47,"column":6}},"loc":{"start":{"line":38,"column":4},"end":{"line":47,"column":6}},"line":38},"4":{"name":"remove","decl":{"start":{"line":48,"column":4},"end":{"line":50,"column":6}},"loc":{"start":{"line":48,"column":4},"end":{"line":50,"column":6}},"line":48},"5":{"name":"update","decl":{"start":{"line":51,"column":4},"end":{"line":54,"column":2}},"loc":{"start":{"line":51,"column":4},"end":{"line":54,"column":2}},"line":51},"6":{"name":"get","decl":{"start":{"line":60,"column":1},"end":{"line":60,"column":3}},"loc":{"start":{"line":60,"column":1},"end":{"line":60,"column":3}},"line":60}},"f":{"0":11,"1":1,"2":1,"3":6,"4":2,"5":1,"6":10}}
}
