{"/Users/ookouchimitsuhiro/Desktop/nuxt3-todo-login/todo-nuxt3/src/users.ts": {"path":"/Users/ookouchimitsuhiro/Desktop/nuxt3-todo-login/todo-nuxt3/src/users.ts","all":false,"statementMap":{"0":{"start":{"line":1,"column":0},"end":{"line":1,"column":21}}},"s":{"0":1},"branchMap":{"0":{"type":"branch","line":1,"loc":{"start":{"line":1,"column":20},"end":{"line":1,"column":21}},"locations":[{"start":{"line":1,"column":20},"end":{"line":1,"column":21}}]}},"b":{"0":[2]},"fnMap":{"0":{"name":"get","decl":{"start":{"line":1,"column":20},"end":{"line":1,"column":21}},"loc":{"start":{"line":1,"column":20},"end":{"line":1,"column":21}},"line":1}},"f":{"0":2}}
,"/Users/ookouchimitsuhiro/Desktop/nuxt3-todo-login/todo-nuxt3/store/todo.ts": {"path":"/Users/ookouchimitsuhiro/Desktop/nuxt3-todo-login/todo-nuxt3/store/todo.ts","all":false,"statementMap":{"0":{"start":{"line":1,"column":0},"end":{"line":1,"column":35}},"1":{"start":{"line":2,"column":0},"end":{"line":2,"column":33}},"2":{"start":{"line":3,"column":0},"end":{"line":3,"column":0}},"3":{"start":{"line":4,"column":0},"end":{"line":4,"column":23}},"4":{"start":{"line":5,"column":0},"end":{"line":5,"column":15}},"5":{"start":{"line":6,"column":0},"end":{"line":6,"column":18}},"6":{"start":{"line":7,"column":0},"end":{"line":7,"column":18}},"7":{"start":{"line":8,"column":0},"end":{"line":8,"column":20}},"8":{"start":{"line":9,"column":0},"end":{"line":9,"column":19}},"9":{"start":{"line":10,"column":0},"end":{"line":10,"column":1}},"10":{"start":{"line":11,"column":0},"end":{"line":11,"column":0}},"11":{"start":{"line":12,"column":0},"end":{"line":12,"column":26}},"12":{"start":{"line":13,"column":0},"end":{"line":13,"column":18}},"13":{"start":{"line":14,"column":0},"end":{"line":14,"column":1}},"14":{"start":{"line":15,"column":0},"end":{"line":15,"column":0}},"15":{"start":{"line":16,"column":0},"end":{"line":16,"column":29}},"16":{"start":{"line":17,"column":0},"end":{"line":17,"column":18}},"17":{"start":{"line":18,"column":0},"end":{"line":18,"column":18}},"18":{"start":{"line":19,"column":0},"end":{"line":19,"column":1}},"19":{"start":{"line":20,"column":0},"end":{"line":20,"column":0}},"20":{"start":{"line":21,"column":0},"end":{"line":21,"column":28}},"21":{"start":{"line":22,"column":0},"end":{"line":22,"column":32}},"22":{"start":{"line":23,"column":0},"end":{"line":23,"column":1}},"23":{"start":{"line":24,"column":0},"end":{"line":24,"column":0}},"24":{"start":{"line":25,"column":0},"end":{"line":25,"column":33}},"25":{"start":{"line":26,"column":0},"end":{"line":26,"column":13}},"26":{"start":{"line":27,"column":0},"end":{"line":27,"column":2}},"27":{"start":{"line":28,"column":0},"end":{"line":28,"column":0}},"28":{"start":{"line":29,"column":0},"end":{"line":29,"column":17}},"29":{"start":{"line":30,"column":0},"end":{"line":30,"column":52}},"30":{"start":{"line":31,"column":0},"end":{"line":31,"column":63}},"31":{"start":{"line":32,"column":0},"end":{"line":32,"column":6}},"32":{"start":{"line":33,"column":0},"end":{"line":33,"column":43}},"33":{"start":{"line":34,"column":0},"end":{"line":34,"column":37}},"34":{"start":{"line":35,"column":0},"end":{"line":35,"column":92}},"35":{"start":{"line":36,"column":0},"end":{"line":36,"column":5}},"36":{"start":{"line":37,"column":0},"end":{"line":37,"column":2}},"37":{"start":{"line":38,"column":0},"end":{"line":38,"column":17}},"38":{"start":{"line":39,"column":0},"end":{"line":39,"column":24}},"39":{"start":{"line":40,"column":0},"end":{"line":40,"column":35}},"40":{"start":{"line":41,"column":0},"end":{"line":41,"column":23}},"41":{"start":{"line":42,"column":0},"end":{"line":42,"column":20}},"42":{"start":{"line":43,"column":0},"end":{"line":43,"column":24}},"43":{"start":{"line":44,"column":0},"end":{"line":44,"column":34}},"44":{"start":{"line":45,"column":0},"end":{"line":45,"column":33}},"45":{"start":{"line":46,"column":0},"end":{"line":46,"column":9}},"46":{"start":{"line":47,"column":0},"end":{"line":47,"column":37}},"47":{"start":{"line":48,"column":0},"end":{"line":48,"column":6}},"48":{"start":{"line":49,"column":0},"end":{"line":49,"column":24}},"49":{"start":{"line":50,"column":0},"end":{"line":50,"column":63}},"50":{"start":{"line":51,"column":0},"end":{"line":51,"column":6}},"51":{"start":{"line":52,"column":0},"end":{"line":52,"column":44}},"52":{"start":{"line":53,"column":0},"end":{"line":53,"column":112}},"53":{"start":{"line":54,"column":0},"end":{"line":54,"column":5}},"54":{"start":{"line":55,"column":0},"end":{"line":55,"column":2}},"55":{"start":{"line":56,"column":0},"end":{"line":56,"column":0}},"56":{"start":{"line":57,"column":0},"end":{"line":57,"column":54}},"57":{"start":{"line":58,"column":0},"end":{"line":58,"column":10}},"58":{"start":{"line":59,"column":0},"end":{"line":59,"column":12}},"59":{"start":{"line":60,"column":0},"end":{"line":60,"column":11}},"60":{"start":{"line":61,"column":0},"end":{"line":61,"column":3}},"61":{"start":{"line":62,"column":0},"end":{"line":62,"column":0}},"62":{"start":{"line":63,"column":0},"end":{"line":63,"column":24}},"63":{"start":{"line":64,"column":0},"end":{"line":64,"column":1}}},"s":{"0":1,"1":1,"2":1,"3":1,"4":1,"5":1,"6":1,"7":1,"8":1,"9":1,"10":1,"11":1,"12":1,"13":1,"14":1,"15":1,"16":1,"17":1,"18":1,"19":1,"20":1,"21":1,"22":1,"23":1,"24":1,"25":11,"26":11,"27":1,"28":1,"29":1,"30":2,"31":2,"32":1,"33":1,"34":1,"35":1,"36":1,"37":1,"38":1,"39":6,"40":6,"41":6,"42":6,"43":6,"44":6,"45":6,"46":6,"47":6,"48":1,"49":2,"50":2,"51":1,"52":1,"53":1,"54":1,"55":1,"56":1,"57":1,"58":1,"59":1,"60":1,"61":1,"62":1,"63":1},"branchMap":{"0":{"type":"branch","line":25,"loc":{"start":{"line":25,"column":14},"end":{"line":27,"column":2}},"locations":[{"start":{"line":25,"column":14},"end":{"line":27,"column":2}}]},"1":{"type":"branch","line":30,"loc":{"start":{"line":30,"column":14},"end":{"line":32,"column":6}},"locations":[{"start":{"line":30,"column":14},"end":{"line":32,"column":6}}]},"2":{"type":"branch","line":30,"loc":{"start":{"line":30,"column":36},"end":{"line":32,"column":6}},"locations":[{"start":{"line":30,"column":36},"end":{"line":32,"column":6}}]},"3":{"type":"branch","line":31,"loc":{"start":{"line":31,"column":33},"end":{"line":31,"column":63}},"locations":[{"start":{"line":31,"column":33},"end":{"line":31,"column":63}}]},"4":{"type":"branch","line":33,"loc":{"start":{"line":33,"column":21},"end":{"line":37,"column":2}},"locations":[{"start":{"line":33,"column":21},"end":{"line":37,"column":2}}]},"5":{"type":"branch","line":35,"loc":{"start":{"line":35,"column":13},"end":{"line":35,"column":91}},"locations":[{"start":{"line":35,"column":13},"end":{"line":35,"column":91}}]},"6":{"type":"branch","line":39,"loc":{"start":{"line":39,"column":4},"end":{"line":48,"column":6}},"locations":[{"start":{"line":39,"column":4},"end":{"line":48,"column":6}}]},"7":{"type":"branch","line":49,"loc":{"start":{"line":49,"column":4},"end":{"line":51,"column":6}},"locations":[{"start":{"line":49,"column":4},"end":{"line":51,"column":6}}]},"8":{"type":"branch","line":50,"loc":{"start":{"line":50,"column":39},"end":{"line":50,"column":63}},"locations":[{"start":{"line":50,"column":39},"end":{"line":50,"column":63}}]},"9":{"type":"branch","line":52,"loc":{"start":{"line":52,"column":4},"end":{"line":55,"column":2}},"locations":[{"start":{"line":52,"column":4},"end":{"line":55,"column":2}}]},"10":{"type":"branch","line":53,"loc":{"start":{"line":53,"column":36},"end":{"line":53,"column":112}},"locations":[{"start":{"line":53,"column":36},"end":{"line":53,"column":112}}]},"11":{"type":"branch","line":53,"loc":{"start":{"line":53,"column":103},"end":{"line":53,"column":112}},"locations":[{"start":{"line":53,"column":103},"end":{"line":53,"column":112}}]},"12":{"type":"branch","line":61,"loc":{"start":{"line":61,"column":1},"end":{"line":61,"column":3}},"locations":[{"start":{"line":61,"column":1},"end":{"line":61,"column":3}}]}},"b":{"0":[11],"1":[1],"2":[2],"3":[2],"4":[1],"5":[4],"6":[6],"7":[2],"8":[2],"9":[1],"10":[1],"11":[0],"12":[10]},"fnMap":{"0":{"name":"state","decl":{"start":{"line":25,"column":14},"end":{"line":27,"column":2}},"loc":{"start":{"line":25,"column":14},"end":{"line":27,"column":2}},"line":25},"1":{"name":"getById","decl":{"start":{"line":30,"column":14},"end":{"line":32,"column":6}},"loc":{"start":{"line":30,"column":14},"end":{"line":32,"column":6}},"line":30},"2":{"name":"getSortedTodos","decl":{"start":{"line":33,"column":21},"end":{"line":37,"column":2}},"loc":{"start":{"line":33,"column":21},"end":{"line":37,"column":2}},"line":33},"3":{"name":"add","decl":{"start":{"line":39,"column":4},"end":{"line":48,"column":6}},"loc":{"start":{"line":39,"column":4},"end":{"line":48,"column":6}},"line":39},"4":{"name":"remove","decl":{"start":{"line":49,"column":4},"end":{"line":51,"column":6}},"loc":{"start":{"line":49,"column":4},"end":{"line":51,"column":6}},"line":49},"5":{"name":"update","decl":{"start":{"line":52,"column":4},"end":{"line":55,"column":2}},"loc":{"start":{"line":52,"column":4},"end":{"line":55,"column":2}},"line":52},"6":{"name":"get","decl":{"start":{"line":61,"column":1},"end":{"line":61,"column":3}},"loc":{"start":{"line":61,"column":1},"end":{"line":61,"column":3}},"line":61}},"f":{"0":11,"1":1,"2":1,"3":6,"4":2,"5":1,"6":10}}
}
